<?xml version="1.0" encoding="UTF-8" standalone="no"?>
<testsuite failures="0" name="cucumber.runtime.formatter.JUnitFormatter" skipped="0" tests="1" time="9.088042">
<testcase classname="Login" name="Verify user is able to login to application successfully with valid credentials" time="9.088042">
<system-out><![CDATA[Given user is in login page.................................................passed
When user enters username and password......................................passed
Then user clicks on Login button............................................passed
]]></system-out>
</testcase>
</testsuite>
